2023/07/27 19:03:02 [root:INFO    ] - Logging system configured
2023/07/27 19:03:02 [root:INFO    ] - load geo_dataframe
2023/07/27 19:03:02 [fiona._env:ERROR   ] - PROJ: proj_identify: D:\Python\Anaconda3-2022.05\envs\geo\Library\share\proj\proj.db lacks DATABASE.LAYOUT.VERSION.MAJOR / DATABASE.LAYOUT.VERSION.MINOR metadata. It comes from another PROJ installation.
2023/07/27 19:03:38 [root:INFO    ] - create nx.graph
2023/07/27 19:07:12 [root:INFO    ] - Logging system configured
2023/07/27 19:07:12 [root:INFO    ] - load geo_dataframe
2023/07/27 19:07:13 [fiona._env:ERROR   ] - PROJ: proj_identify: D:\Python\Anaconda3-2022.05\envs\geo\Library\share\proj\proj.db lacks DATABASE.LAYOUT.VERSION.MAJOR / DATABASE.LAYOUT.VERSION.MINOR metadata. It comes from another PROJ installation.
2023/07/27 19:07:44 [root:INFO    ] - create nx.graph
2023/07/27 19:07:48 [root:INFO    ] - done
2023/07/27 19:16:45 [root:INFO    ] - Logging system configured
2023/07/27 19:16:45 [root:INFO    ] - load geo_dataframe
2023/07/27 19:16:45 [fiona._env:ERROR   ] - PROJ: proj_identify: D:\Python\Anaconda3-2022.05\envs\geo\Library\share\proj\proj.db lacks DATABASE.LAYOUT.VERSION.MAJOR / DATABASE.LAYOUT.VERSION.MINOR metadata. It comes from another PROJ installation.
2023/07/27 19:16:54 [root:INFO    ] - create nx.graph
2023/07/27 19:16:55 [root:INFO    ] - done
2023/07/27 19:17:21 [root:INFO    ] - Logging system configured
2023/07/27 19:17:21 [root:INFO    ] - load geo_dataframe
2023/07/27 19:17:21 [fiona._env:ERROR   ] - PROJ: proj_identify: D:\Python\Anaconda3-2022.05\envs\geo\Library\share\proj\proj.db lacks DATABASE.LAYOUT.VERSION.MAJOR / DATABASE.LAYOUT.VERSION.MINOR metadata. It comes from another PROJ installation.
2023/07/27 19:17:30 [root:INFO    ] - create nx.graph
2023/07/27 19:17:31 [root:INFO    ] - done
2023/07/27 19:17:31 [root:INFO    ] - nodes:
2023/07/27 19:17:31 [root:INFO    ] - end
2023/07/27 19:19:54 [root:INFO    ] - Logging system configured
2023/07/27 19:19:54 [root:INFO    ] - load geo_dataframe
2023/07/27 19:19:54 [fiona._env:ERROR   ] - PROJ: proj_identify: D:\Python\Anaconda3-2022.05\envs\geo\Library\share\proj\proj.db lacks DATABASE.LAYOUT.VERSION.MAJOR / DATABASE.LAYOUT.VERSION.MINOR metadata. It comes from another PROJ installation.
2023/07/27 19:20:04 [root:INFO    ] - create nx.graph
2023/07/27 19:20:05 [root:INFO    ] - done
2023/07/27 19:20:05 [root:INFO    ] - nodes:
2023/07/27 19:20:05 [root:INFO    ] - end
2023/07/27 19:20:31 [root:INFO    ] - Logging system configured
2023/07/27 19:20:31 [root:INFO    ] - load geo_dataframe
2023/07/27 19:20:31 [fiona._env:ERROR   ] - PROJ: proj_identify: D:\Python\Anaconda3-2022.05\envs\geo\Library\share\proj\proj.db lacks DATABASE.LAYOUT.VERSION.MAJOR / DATABASE.LAYOUT.VERSION.MINOR metadata. It comes from another PROJ installation.
2023/07/27 19:20:41 [root:INFO    ] - create nx.graph
2023/07/27 19:20:42 [root:INFO    ] - done
2023/07/27 19:20:42 [root:INFO    ] - nodes:
2023/07/27 19:20:42 [root:INFO    ] - end
2023/07/27 19:22:57 [root:INFO    ] - Logging system configured
2023/07/27 19:22:57 [root:INFO    ] - load geo_dataframe
2023/07/27 19:22:57 [fiona._env:ERROR   ] - PROJ: proj_identify: D:\Python\Anaconda3-2022.05\envs\geo\Library\share\proj\proj.db lacks DATABASE.LAYOUT.VERSION.MAJOR / DATABASE.LAYOUT.VERSION.MINOR metadata. It comes from another PROJ installation.
2023/07/27 19:23:21 [root:INFO    ] - create nx.graph
2023/07/27 19:23:25 [root:INFO    ] - Logging system configured
2023/07/27 19:23:25 [root:INFO    ] - load geo_dataframe
2023/07/27 19:23:25 [fiona._env:ERROR   ] - PROJ: proj_identify: D:\Python\Anaconda3-2022.05\envs\geo\Library\share\proj\proj.db lacks DATABASE.LAYOUT.VERSION.MAJOR / DATABASE.LAYOUT.VERSION.MINOR metadata. It comes from another PROJ installation.
2023/07/27 19:23:47 [root:INFO    ] - create nx.graph
2023/07/27 19:24:25 [root:INFO    ] - done
2023/07/27 19:24:25 [root:INFO    ] - nodes:
2023/07/27 19:24:25 [root:INFO    ] - end
2023/07/27 19:24:31 [root:INFO    ] - Logging system configured
2023/07/27 19:24:31 [root:INFO    ] - load geo_dataframe
2023/07/27 19:24:31 [fiona._env:ERROR   ] - PROJ: proj_identify: D:\Python\Anaconda3-2022.05\envs\geo\Library\share\proj\proj.db lacks DATABASE.LAYOUT.VERSION.MAJOR / DATABASE.LAYOUT.VERSION.MINOR metadata. It comes from another PROJ installation.
2023/07/27 19:24:56 [root:INFO    ] - create nx.graph
2023/07/27 19:31:50 [root:INFO    ] - Logging system configured
2023/07/27 19:31:50 [root:INFO    ] - load geo_dataframe
2023/07/27 19:31:50 [fiona._env:ERROR   ] - PROJ: proj_identify: D:\Python\Anaconda3-2022.05\envs\geo\Library\share\proj\proj.db lacks DATABASE.LAYOUT.VERSION.MAJOR / DATABASE.LAYOUT.VERSION.MINOR metadata. It comes from another PROJ installation.
2023/07/27 19:33:40 [root:INFO    ] - create nx.graph
2023/07/27 19:33:47 [root:INFO    ] - done
2023/07/27 19:33:47 [root:INFO    ] - nodes:
2023/07/27 19:33:47 [root:INFO    ] - end
2023/07/27 19:33:58 [root:INFO    ] - Logging system configured
2023/07/27 19:33:58 [root:INFO    ] - load geo_dataframe
2023/07/27 19:33:58 [fiona._env:ERROR   ] - PROJ: proj_identify: D:\Python\Anaconda3-2022.05\envs\geo\Library\share\proj\proj.db lacks DATABASE.LAYOUT.VERSION.MAJOR / DATABASE.LAYOUT.VERSION.MINOR metadata. It comes from another PROJ installation.
2023/07/27 19:35:52 [root:INFO    ] - create nx.graph
2023/07/27 19:35:59 [root:INFO    ] - done
2023/07/27 19:35:59 [root:INFO    ] - nodes:
2023/07/27 19:36:15 [root:INFO    ] - edges:
