2023/02/01 12:31:49 [root:INFO    ] - Logging system configured
2023/02/01 12:31:49 [root:INFO    ] - main
2023/02/01 12:32:06 [root:INFO    ] - Logging system configured
2023/02/01 12:32:06 [root:INFO    ] - main
2023/02/01 14:17:34 [root:INFO    ] - Logging system configured
2023/02/01 14:17:34 [root:INFO    ] - main
2023/02/01 14:18:09 [root:INFO    ] - Logging system configured
2023/02/01 14:18:09 [root:INFO    ] - main
2023/02/01 14:22:08 [root:INFO    ] - Logging system configured
2023/02/01 14:22:08 [root:INFO    ] - main
2023/02/01 14:23:10 [root:INFO    ] - Logging system configured
2023/02/01 14:23:10 [root:INFO    ] - main
2023/02/01 14:23:43 [root:INFO    ] - Logging system configured
2023/02/01 14:23:43 [root:INFO    ] - main
2023/02/01 14:24:09 [root:INFO    ] - Logging system configured
2023/02/01 14:24:09 [root:INFO    ] - main
2023/02/01 14:24:33 [root:INFO    ] - Logging system configured
2023/02/01 14:24:33 [root:INFO    ] - main
2023/02/01 14:25:04 [root:INFO    ] - Logging system configured
2023/02/01 14:25:04 [root:INFO    ] - main
2023/02/01 14:25:21 [root:INFO    ] - Logging system configured
2023/02/01 14:25:21 [root:INFO    ] - main
2023/02/01 14:26:51 [root:INFO    ] - Logging system configured
2023/02/01 14:26:51 [root:INFO    ] - main
2023/02/01 14:27:54 [root:INFO    ] - Logging system configured
2023/02/01 14:27:54 [root:INFO    ] - main
2023/02/01 14:28:12 [root:INFO    ] - Logging system configured
2023/02/01 14:28:12 [root:INFO    ] - main
2023/02/01 14:28:18 [root:INFO    ] - Logging system configured
2023/02/01 14:28:18 [root:INFO    ] - main
2023/02/01 14:29:49 [root:INFO    ] - Logging system configured
2023/02/01 14:29:49 [root:INFO    ] - main
2023/02/01 14:30:20 [root:INFO    ] - Logging system configured
2023/02/01 14:30:20 [root:INFO    ] - main
2023/02/01 14:31:10 [root:INFO    ] - Logging system configured
2023/02/01 14:31:10 [root:INFO    ] - main
2023/02/01 14:32:24 [root:INFO    ] - Logging system configured
2023/02/01 14:32:24 [root:INFO    ] - main
2023/02/01 14:33:56 [root:INFO    ] - Logging system configured
2023/02/01 14:33:56 [root:INFO    ] - main
2023/02/01 14:34:35 [root:INFO    ] - Logging system configured
2023/02/01 14:34:35 [root:INFO    ] - main
2023/02/01 14:40:06 [root:INFO    ] - Logging system configured
2023/02/01 14:40:06 [root:INFO    ] - main
2023/02/01 14:41:53 [root:INFO    ] - Logging system configured
2023/02/01 14:41:53 [root:INFO    ] - main
2023/02/01 14:43:19 [root:INFO    ] - Logging system configured
2023/02/01 14:43:19 [root:INFO    ] - main
2023/02/01 14:43:22 [ProjectLoader:INFO    ] - Scan D:\Projects\Java\javaparser-no-test ...
2023/02/01 14:43:22 [ProjectLoader:INFO    ] - End 710
2023/02/01 14:43:31 [ProjectLoader:INFO    ] - Scan D:\SPLGroup\spl-workspaces\java\cocome-maven-project ...
2023/02/01 14:43:31 [ProjectLoader:INFO    ] - End 1060
2023/02/01 14:49:57 [root:INFO    ] - Logging system configured
2023/02/01 14:49:57 [root:INFO    ] - main
2023/02/01 14:49:57 [ProjectLoader:INFO    ] - Scan D:\SPLGroup\spl-workspaces\java\cocome-maven-project ...
2023/02/01 14:49:57 [ProjectLoader:INFO    ] - End 350
2023/02/01 14:50:42 [root:INFO    ] - Logging system configured
2023/02/01 14:50:42 [root:INFO    ] - main
2023/02/01 14:50:42 [ProjectLoader:INFO    ] - Scan D:\SPLGroup\spl-workspaces\java\cocome-maven-project ...
2023/02/01 14:50:42 [ProjectLoader:INFO    ] - End 350
2023/02/01 14:53:12 [root:INFO    ] - Logging system configured
2023/02/01 14:53:12 [root:INFO    ] - main
2023/02/01 14:54:45 [root:INFO    ] - Logging system configured
2023/02/01 14:54:45 [root:INFO    ] - main
2023/02/01 14:54:45 [ProjectLoader:INFO    ] - Scan D:\SPLGroup\spl-workspaces\java\cocome-maven-project ...
2023/02/01 14:54:45 [ProjectLoader:INFO    ] - End 350
